<?xml version="1.0" encoding="UTF-8"?>
<!-- Generated by org.testng.reporters.JUnitReportReporter -->
<testsuite hostname="DESKTOP-MM36EDV" failures="0" tests="1" name="login" time="0.026" errors="0" timestamp="2023-08-09T22:50:02 IST" skipped="0">
  <testcase classname="login" name="f1" time="0.026"/>
  <system-out/>
</testsuite> <!-- login -->
